SF:lib/modules/todo/cubits/todo_list/todo_list_cubit.dart
DA:8,3
DA:12,1
DA:14,1
DA:16,2
DA:18,4
DA:20,1
DA:23,0
DA:24,0
DA:25,0
DA:26,0
DA:27,0
DA:28,0
DA:30,0
DA:33,0
DA:37,0
DA:39,0
DA:40,0
DA:42,0
DA:45,0
DA:46,0
DA:47,0
DA:48,0
DA:51,0
DA:53,0
DA:57,0
DA:58,0
DA:59,0
DA:62,1
DA:63,2
DA:64,3
DA:65,1
DA:66,1
DA:67,4
DA:70,1
DA:74,1
DA:75,0
DA:76,0
DA:77,0
DA:78,0
DA:80,1
DA:81,2
DA:82,4
DA:83,1
DA:84,4
DA:86,1
DA:87,2
DA:88,4
DA:92,4
DA:95,0
DA:98,0
DA:99,0
DA:100,0
DA:101,0
DA:102,0
DA:103,0
DA:106,0
DA:107,0
DA:108,0
DA:109,0
DA:110,0
DA:111,0
DA:114,0
DA:115,0
DA:116,0
DA:117,0
DA:118,0
DA:122,0
DA:123,0
DA:126,0
DA:127,0
DA:129,0
DA:131,0
DA:133,0
DA:135,0
DA:137,0
DA:140,0
DA:141,0
DA:142,0
DA:143,0
DA:149,0
DA:151,0
DA:152,0
DA:155,1
DA:156,3
DA:157,4
LF:85
LH:26
end_of_record
SF:lib/modules/todo/data/models/todo_model.dart
DA:3,0
DA:10,1
DA:12,1
DA:13,1
DA:14,1
DA:15,1
DA:16,1
DA:20,0
DA:21,0
DA:24,0
DA:25,0
DA:26,0
DA:27,0
DA:28,0
LF:14
LH:6
end_of_record
SF:lib/modules/todo/data/providers/todo_local_provider.dart
DA:8,1
DA:9,1
DA:10,1
DA:12,1
DA:14,0
DA:16,1
DA:18,1
DA:20,4
DA:25,0
DA:26,0
DA:28,0
DA:30,0
DA:32,0
DA:35,0
DA:36,0
DA:37,0
DA:39,0
DA:41,0
DA:44,0
DA:45,0
DA:47,0
DA:49,0
DA:51,0
DA:52,0
DA:54,0
DA:58,0
DA:59,0
DA:60,0
DA:61,0
DA:64,0
DA:65,0
DA:67,0
LF:32
LH:7
end_of_record
